[13:17:52] [main/INFO] (FabricLoader/GameProvider) Loading Minecraft Beta 1.7.3 with Fabric Loader 0.15.6-babric.1
[13:17:52] [main/INFO] (FabricLoader) Loading 41 mods:
	- fabricloader 0.15.6-babric.1
	- gambac 1.1.1
	- gcapi3 3.2.1
	- glassnetworking 1.0.6
	- java 21
	- minecraft 1.0.0-beta.7.3
	- mixinextras 0.3.2
	- retrocommands 0.5.7
	- spasm 0.2.2
	- spawn-manager 0.0.1
	- station-achievements-v0 2.0.0-alpha.4
	- station-api-base 2.0.0-alpha.4
	- station-armor-api-v0 2.0.0-alpha.4
	- station-biome-events-v0 2.0.0-alpha.4
	- station-blockentities-v0 2.0.0-alpha.4
	- station-blockitems-v0 2.0.0-alpha.4
	- station-blocks-v0 2.0.0-alpha.4
	- station-container-api-v0 2.0.0-alpha.4
	- station-datafixer-v0 2.0.0-alpha.4
	- station-dimensions-v0 2.0.0-alpha.4
	- station-entities-v0 2.0.0-alpha.4
	- station-flattening-v0 2.0.0-alpha.4
	- station-items-v0 2.0.0-alpha.4
	- station-lifecycle-events-v0 2.0.0-alpha.4
	- station-localization-api-v0 2.0.0-alpha.4
	- station-maths-v0 2.0.0-alpha.4
	- station-nbt-v0 2.0.0-alpha.4
	- station-networking-v0 2.0.0-alpha.4
	- station-player-api-v0 2.0.0-alpha.4
	- station-recipes-v0 2.0.0-alpha.4
	- station-registry-api-v0 2.0.0-alpha.4
	- station-registry-sync-v0 2.0.0-alpha.4
	- station-resource-loader-v0 2.0.0-alpha.4
	- station-templates-v0 2.0.0-alpha.4
	- station-tools-api-v1 2.0.0-alpha.4
	- station-transitive-access-wideners-v0 2.0.0-alpha.4
	- station-vanilla-checker-v0 2.0.0-alpha.4
	- station-vanilla-fix-v0 2.0.0-alpha.4
	- station-world-events-v0 2.0.0-alpha.4
	- station-worldgen-api-v0 2.0.0-alpha.4
	- stationapi 2.0.0-alpha.4
[13:17:52] [main/INFO] (FabricLoader/Mixin) SpongePowered MIXIN Subsystem Version=0.8.5 Source=file:/home/louis/.gradle/caches/modules-2/files-2.1/net.fabricmc/sponge-mixin/0.12.5+mixin.0.8.5/8d31fb97c3e0cd7c8dad3441851c523bcfae6d8e/sponge-mixin-0.12.5+mixin.0.8.5.jar Service=Knot/Fabric Env=SERVER
[13:17:52] [main/INFO] (FabricLoader/Mixin) Loaded Fabric development mappings for mixin remapper!
[13:17:52] [main/INFO] (FabricLoader/Mixin) Compatibility level set to JAVA_17
[13:17:52] [main/INFO] (GCAPI3) Loading config factories.
[13:17:52] [main/INFO] (GCAPI3) 8 config load factories loaded.
[13:17:52] [main/INFO] (GCAPI3) 8 config save factories loaded.
[13:17:52] [main/INFO] (GCAPI3) 0 config load transformer factories loaded.
[13:17:52] [main/INFO] (GCAPI3) Loading config event listeners.
[13:17:52] [main/INFO] (GCAPI3) Loaded config event listeners.
[13:17:52] [main/INFO] (Station|API) Initializing Station API...
[13:17:52] [main/INFO] (Station|API) Loading entrypoints...
[13:17:52] [main/INFO] (Station|API) Setting up "station-vanilla-fix-v0" "stationapi:event_bus" "net.modificationstation.stationapi.impl.vanillafix.block.VanillaBlockFixImpl" entrypoint...
[13:17:52] [main/INFO] (FabricLoader/MixinExtras|Service) Initializing MixinExtras via com.llamalad7.mixinextras.service.MixinExtrasServiceImpl(version=0.3.2).
[13:17:53] [main/INFO] (Station|API) Setting up "station-vanilla-fix-v0" "stationapi:event_bus" "net.modificationstation.stationapi.impl.vanillafix.item.VanillaItemFixImpl" entrypoint...
[13:17:53] [main/INFO] (Station|API) Setting up "station-vanilla-fix-v0" "stationapi:event_bus" "net.modificationstation.stationapi.impl.vanillafix.dimension.VanillaDimensionFixImpl" entrypoint...
[13:17:53] [main/INFO] (Station|API) Setting up "station-vanilla-fix-v0" "stationapi:event_bus" "net.modificationstation.stationapi.impl.vanillafix.recipe.VanillaFuelItemFixImpl" entrypoint...
[13:17:53] [main/INFO] (Station|API) Setting up "station-vanilla-fix-v0" "stationapi:event_bus" "net.modificationstation.stationapi.impl.vanillafix.datafixer.VanillaDataFixerImpl" entrypoint...
[13:17:53] [main/INFO] (Station|API) Setting up "station-items-v0" "stationapi:event_bus" "net.modificationstation.stationapi.impl.entity.player.ItemCustomReachImpl" entrypoint...
[13:17:53] [main/INFO] (Station|API) Setting up "station-items-v0" "stationapi:event_bus" "net.modificationstation.stationapi.impl.dispenser.CustomDispenseBehaviorImpl" entrypoint...
[13:17:53] [main/INFO] (Station|API) Setting up "station-tools-api-v1" "stationapi:event_bus" "net.modificationstation.stationapi.impl.item.HijackShearsImplV1" entrypoint...
[13:17:53] [main/INFO] (Station|API) Setting up "station-worldgen-api-v0" "stationapi:event_bus" "net.modificationstation.stationapi.impl.worldgen.WorldgenListener" entrypoint...
[13:17:53] [main/INFO] (Station|API) Setting up "station-flattening-v0" "stationapi:event_bus" "net.modificationstation.stationapi.api.block.States" entrypoint...
[13:17:53] [main/INFO] (Station|API) Setting up "station-flattening-v0" "stationapi:event_bus" "net.modificationstation.stationapi.impl.block.PlacementStateImpl" entrypoint...
[13:17:53] [main/INFO] (Station|API) Setting up "station-flattening-v0" "stationapi:event_bus" "net.modificationstation.stationapi.impl.world.WorldDataVersionImpl" entrypoint...
[13:17:53] [main/INFO] (Station|API) Setting up "station-flattening-v0" "stationapi:event_bus" "net.modificationstation.stationapi.impl.block.BlockInteractionImpl" entrypoint...
[13:17:53] [main/INFO] (Station|API) Setting up "station-resource-loader-v0" "stationapi:event_bus" "net.modificationstation.stationapi.impl.resource.DataReloaderImpl" entrypoint...
[13:17:53] [main/INFO] (Station|API) Setting up "station-api-base" "stationapi:event_bus" "net.modificationstation.stationapi.impl.mod.DeprecatedInitEventsImpl" entrypoint...
[13:17:53] [main/INFO] (Station|API) Setting up "station-blockitems-v0" "stationapi:event_bus" "net.modificationstation.stationapi.impl.block.HasMetaBlockItemImpl" entrypoint...
[13:17:53] [main/INFO] (Station|API) Setting up "station-blockitems-v0" "stationapi:event_bus" "net.modificationstation.stationapi.impl.block.HasMetaNamedBlockItemImpl" entrypoint...
[13:17:53] [main/INFO] (Station|API) Setting up "station-blockitems-v0" "stationapi:event_bus" "net.modificationstation.stationapi.impl.block.HasCustomBlockItemFactoryImpl" entrypoint...
[13:17:53] [main/INFO] (Station|API) Setting up "station-blockitems-v0" "stationapi:event_bus" "net.modificationstation.stationapi.impl.block.BlockFormOnlyHandler" entrypoint...
[13:17:53] [main/INFO] (Station|API) Setting up "station-recipes-v0" "stationapi:event_bus" "net.modificationstation.stationapi.impl.recipe.json.JsonRecipeParserRegisterImpl" entrypoint...
[13:17:53] [main/INFO] (Station|API) Setting up "station-recipes-v0" "stationapi:event_bus" "net.modificationstation.stationapi.impl.recipe.JsonRecipeParserInit" entrypoint...
[13:17:53] [main/INFO] (Station|API) Setting up "station-recipes-v0" "stationapi:event_bus" "net.modificationstation.stationapi.impl.recipe.JsonRecipesLoader" entrypoint...
[13:17:53] [main/INFO] (Station|API) Setting up "station-recipes-v0" "stationapi:event_bus" "net.modificationstation.stationapi.api.recipe.FuelRegistry" entrypoint...
[13:17:53] [main/INFO] (Station|API) Setting up "station-registry-sync-v0" "stationapi:event_bus" "net.modificationstation.stationapi.impl.network.RegistryNetworkingInit" entrypoint...
[13:17:53] [main/INFO] (Station|API) Setting up "station-networking-v0" "stationapi:event_bus" "net.modificationstation.stationapi.impl.network.packet.StationNetworkingInit" entrypoint...
[13:17:53] [main/INFO] (Station|API) Setting up "station-vanilla-checker-v0" "stationapi:event_bus" "net.modificationstation.stationapi.impl.network.VanillaChecker" entrypoint...
[13:17:53] [main/INFO] (Station|API) Setting up "station-registry-api-v0" "stationapi:event_bus" "net.modificationstation.stationapi.impl.registry.WorldRegistryRemapper" entrypoint...
[13:17:53] [main/INFO] (Station|API) Setting up "station-registry-api-v0" "stationapi:event_bus" "net.modificationstation.stationapi.impl.registry.TagReloaderImpl" entrypoint...
[13:17:53] [main/INFO] (Station|API) Setting up "station-registry-sync-v0" "stationapi:event_bus_server" "net.modificationstation.stationapi.impl.server.registry.ServerRegistrySender" entrypoint...
[13:17:53] [main/INFO] (Station|API) Setting up "station-registry-sync-v0" "stationapi:event_bus_server" "net.modificationstation.stationapi.impl.server.registry.ServerRegistrySynchronizer" entrypoint...
[13:17:53] [main/INFO] (Station|API) Setting up "station-entities-v0" "stationapi:event_bus_server" "net.modificationstation.stationapi.impl.server.entity.CustomTrackingImpl" entrypoint...
[13:17:53] [main/INFO] (Station|API) Setting up "station-entities-v0" "stationapi:event_bus_server" "net.modificationstation.stationapi.impl.server.entity.TrackingParametersImpl" entrypoint...
[13:17:53] [main/INFO] (Station|API) Setting up "station-vanilla-checker-v0" "stationapi:event_bus_server" "net.modificationstation.stationapi.impl.server.network.ServerVanillaChecker" entrypoint...
[13:17:53] [main/INFO] (Station|API) Invoking Init event...
[13:17:53] [main/INFO] (Station|API) Searching for JSON recipes...
[13:17:53] [main/INFO] (Station|API) Gathering mods that require client verification...
[13:17:53] [main/INFO] (Station|API) Finished Station API setup.
[13:17:53] [main/INFO] (Station|API) Added vanilla blocks to the registry.
[13:17:53] [main/INFO] (Station|API) Added vanilla items to the registry.
[13:17:53] [main/INFO] (GlassNetworking|Mod) Registered 4 packets, of which 4 are client bound, and 0 are server bound.
[13:17:53] [main/INFO] (SpawnManager) Loading mod
[13:17:53] [main/INFO] (SpawnManager) Loaded successfully
[13:17:53] [Server thread/INFO] (Station|API) Reloading ResourceManager: vanilla, Fabric Mods
[13:17:54] [Server thread/INFO] (Station|API) Resource reload finished after 66 ms
[13:17:54] [Server thread/INFO] (Station|API) TagManagerLoader took approximately 168 ms (162 ms preparing, 6 ms applying)
[13:17:54] [Server thread/INFO] (Station|API) Total blocking time: 6 ms
[13:17:54] [Server thread/ERROR] (Station|API) Registry 'stationapi:json_recipes' was empty after loading
[13:17:54] [Server thread/INFO] (Station|API) Remapping "stationapi:dimensions" registry...
[13:17:54] [Server thread/INFO] (Station|API) Remapping "stationapi:dimensions" registry...
[13:17:54] [Server thread/INFO] (Station|API) Remapping "stationapi:dimensions" registry...
[13:17:54] [Server thread/INFO] (Station|API) Remapping "stationapi:dimensions" registry...
[13:17:54] [Server thread/INFO] (Station|API) Remapping "stationapi:dimensions" registry...
[13:17:54] [Server thread/INFO] (Station|API) Remapping "stationapi:dimensions" registry...
[13:17:54] [Server thread/INFO] (Station|API) Remapping "stationapi:dimensions" registry...
[13:17:54] [Server thread/INFO] (Station|API) Remapping "stationapi:dimensions" registry...
[13:17:54] [Server thread/INFO] (Station|API) Remapping "stationapi:dimensions" registry...
[13:17:54] [Worker-Bootstrap-8/INFO] (Minecraft) 2 Datafixer optimizations took 7 milliseconds
[13:18:44] [Listen thread/WARN] (FabricLoader/Mixin) @Inject(@At("INVOKE")) Shift.BY=2 on station-vanilla-checker-v0.mixins.json:server.ServerLoginNetworkHandlerMixin from mod station-vanilla-checker-v0::handler$zgo000$station-vanilla-checker-v0$stationapi_checkModded exceeds the maximum allowed value: 0. Increase the value of maxShiftBy to suppress this warning.
[13:18:48] [Server thread/WARN] (FabricLoader/Mixin) @Inject(@At("INVOKE")) Shift.BY=2 on station-items-v0.mixins.json:PlayerInventoryMixin from mod station-items-v0::handler$zzl000$station-items-v0$stationapi_newItemStack exceeds the maximum allowed value: 0. Increase the value of maxShiftBy to suppress this warning.
[13:18:48] [Server thread/WARN] (FabricLoader/Mixin) @Inject(@At("INVOKE")) Shift.BY=2 on station-recipes-v0.mixins.json:CraftingResultMixin from mod station-recipes-v0::handler$zfk000$station-recipes-v0$stationapi_onCrafted exceeds the maximum allowed value: 0. Increase the value of maxShiftBy to suppress this warning.
[13:18:48] [Server thread/INFO] (GCAPI3) Ping successful! Sending config to Louiszn
