2025-06-12 21:13:26 [INFO] Starting minecraft server version Beta 1.7.3
2025-06-12 21:13:26 [INFO] Loading properties
2025-06-12 21:13:26 [WARNING] server.properties does not exist
2025-06-12 21:13:26 [INFO] Generating new properties file
2025-06-12 21:13:26 [INFO] Starting Minecraft server on *:25565
2025-06-12 21:13:26 [WARNING] Failed to load ban list: java.io.FileNotFoundException: banned-players.txt (No such file or directory)
2025-06-12 21:13:26 [WARNING] Failed to load ip ban list: java.io.FileNotFoundException: banned-ips.txt (No such file or directory)
2025-06-12 21:13:26 [WARNING] Failed to load ip ban list: java.io.FileNotFoundException: ops.txt (No such file or directory)
2025-06-12 21:13:26 [WARNING] Failed to load white-list: java.io.FileNotFoundException: white-list.txt (No such file or directory)
2025-06-12 21:13:26 [INFO] Preparing level "world"
2025-06-12 21:13:26 [INFO] Preparing start region for level 0
2025-06-12 21:13:27 [INFO] Preparing spawn area: 8%
2025-06-12 21:13:28 [INFO] Preparing spawn area: 24%
2025-06-12 21:13:29 [INFO] Preparing spawn area: 32%
2025-06-12 21:13:30 [INFO] Preparing spawn area: 40%
2025-06-12 21:13:31 [INFO] Preparing spawn area: 52%
2025-06-12 21:13:32 [INFO] Preparing spawn area: 61%
2025-06-12 21:13:33 [INFO] Preparing spawn area: 69%
2025-06-12 21:13:34 [INFO] Preparing spawn area: 73%
2025-06-12 21:13:35 [INFO] Preparing spawn area: 81%
2025-06-12 21:13:37 [INFO] Preparing spawn area: 85%
2025-06-12 21:13:38 [INFO] Preparing spawn area: 89%
2025-06-12 21:13:39 [INFO] Preparing spawn area: 93%
2025-06-12 21:13:40 [INFO] Preparing spawn area: 97%
2025-06-12 21:13:40 [INFO] Preparing start region for level 1
2025-06-12 21:13:41 [INFO] Preparing spawn area: 4%
2025-06-12 21:13:42 [INFO] Preparing spawn area: 8%
2025-06-12 21:13:43 [INFO] Preparing spawn area: 12%
2025-06-12 21:13:44 [INFO] Preparing spawn area: 16%
2025-06-12 21:13:45 [INFO] Preparing spawn area: 20%
2025-06-12 21:13:46 [INFO] Preparing spawn area: 20%
2025-06-12 21:13:47 [INFO] Preparing spawn area: 24%
2025-06-12 21:13:48 [INFO] Preparing spawn area: 28%
2025-06-12 21:13:49 [INFO] Preparing spawn area: 28%
2025-06-12 21:13:50 [INFO] Preparing spawn area: 32%
2025-06-12 21:13:52 [INFO] Preparing spawn area: 36%
2025-06-12 21:13:53 [INFO] Preparing spawn area: 36%
2025-06-12 21:13:54 [INFO] Preparing spawn area: 44%
2025-06-12 21:13:55 [INFO] Preparing spawn area: 44%
2025-06-12 21:13:56 [INFO] Preparing spawn area: 48%
2025-06-12 21:13:57 [INFO] Preparing spawn area: 52%
2025-06-12 21:13:58 [INFO] Preparing spawn area: 57%
2025-06-12 21:13:59 [INFO] Preparing spawn area: 61%
2025-06-12 21:14:01 [INFO] Preparing spawn area: 65%
2025-06-12 21:14:02 [INFO] Preparing spawn area: 73%
2025-06-12 21:14:04 [INFO] Preparing spawn area: 73%
2025-06-12 21:14:06 [INFO] Preparing spawn area: 77%
2025-06-12 21:14:07 [INFO] Preparing spawn area: 81%
2025-06-12 21:14:08 [INFO] Preparing spawn area: 85%
2025-06-12 21:14:09 [INFO] Preparing spawn area: 93%
2025-06-12 21:14:10 [INFO] Preparing spawn area: 93%
2025-06-12 21:14:12 [INFO] Preparing spawn area: 97%
2025-06-12 21:14:12 [INFO] Done (46636480686ns)! For help, type "help" or "?"
2025-06-12 21:14:25 [INFO] CONSOLE: Stopping the server..
2025-06-12 21:14:25 [INFO] Stopping server
2025-06-12 21:14:25 [INFO] Saving chunks
2025-06-12 21:14:27 [INFO] Saving chunks
2025-06-13 08:03:50 [INFO] Starting minecraft server version Beta 1.7.3
2025-06-13 08:03:50 [INFO] Loading properties
2025-06-13 08:03:50 [INFO] Starting Minecraft server on *:25565
2025-06-13 08:03:50 [INFO] Preparing level "world"
2025-06-13 08:03:50 [INFO] Preparing start region for level 0
2025-06-13 08:03:51 [INFO] Preparing spawn area: 16%
2025-06-13 08:03:52 [INFO] Preparing spawn area: 36%
2025-06-13 08:03:53 [INFO] Preparing spawn area: 52%
2025-06-13 08:03:54 [INFO] Preparing spawn area: 65%
2025-06-13 08:03:55 [INFO] Preparing spawn area: 85%
2025-06-13 08:03:56 [INFO] Preparing spawn area: 97%
2025-06-13 08:03:56 [INFO] Preparing start region for level 1
2025-06-13 08:03:56 [INFO] Done (6715029916ns)! For help, type "help" or "?"
2025-06-13 08:04:09 [INFO] Disconnecting Louiszn [/127.0.0.1:53210]: Failed to verify username! [internal error java.lang.NullPointerException: Cannot invoke "String.equals(Object)" because "<local4>" is null]
2025-06-13 08:04:35 [INFO] Starting minecraft server version Beta 1.7.3
2025-06-13 08:04:35 [INFO] Loading properties
2025-06-13 08:04:35 [INFO] Starting Minecraft server on *:25565
2025-06-13 08:04:35 [WARNING] **** SERVER IS RUNNING IN OFFLINE/INSECURE MODE!
2025-06-13 08:04:35 [WARNING] The server will make no attempt to authenticate usernames. Beware.
2025-06-13 08:04:35 [WARNING] While this makes the game possible to play without internet access, it also opens up the ability for hackers to connect with any username they choose.
2025-06-13 08:04:35 [WARNING] To change this, set "online-mode" to "true" in the server.settings file.
2025-06-13 08:04:35 [INFO] Preparing level "world"
2025-06-13 08:04:35 [INFO] Preparing start region for level 0
2025-06-13 08:04:36 [INFO] Preparing spawn area: 77%
2025-06-13 08:04:38 [INFO] Preparing spawn area: 89%
2025-06-13 08:04:38 [INFO] Preparing start region for level 1
2025-06-13 08:04:39 [INFO] Preparing spawn area: 69%
2025-06-13 08:04:39 [INFO] Done (3186703864ns)! For help, type "help" or "?"
2025-06-13 08:04:39 [INFO] Louiszn [/127.0.0.1:36894] logged in with entity id 0 at (10.5, 69.62000000476837, -25.5)
2025-06-13 08:04:54 [INFO] Louiszn tried command: spawn
2025-06-13 08:04:59 [INFO] Louiszn lost connection: disconnect.quitting
2025-06-13 08:07:55 [INFO] Louiszn [/127.0.0.1:48986] logged in with entity id 1517 at (-3.544559602009061, 64.0, -17.218308647207238)
2025-06-13 08:07:57 [INFO] Louiszn lost connection: disconnect.quitting
2025-06-13 08:08:01 [INFO] CONSOLE: Stopping the server..
2025-06-13 08:08:01 [INFO] Stopping server
2025-06-13 08:08:01 [INFO] Saving chunks
2025-06-13 08:08:01 [INFO] Saving chunks
2025-06-13 09:20:03 [INFO] Starting minecraft server version Beta 1.7.3
2025-06-13 09:20:03 [INFO] Loading properties
2025-06-13 09:20:03 [INFO] Starting Minecraft server on *:25565
2025-06-13 09:20:03 [WARNING] **** SERVER IS RUNNING IN OFFLINE/INSECURE MODE!
2025-06-13 09:20:03 [WARNING] The server will make no attempt to authenticate usernames. Beware.
2025-06-13 09:20:03 [WARNING] While this makes the game possible to play without internet access, it also opens up the ability for hackers to connect with any username they choose.
2025-06-13 09:20:03 [WARNING] To change this, set "online-mode" to "true" in the server.settings file.
2025-06-13 09:20:03 [INFO] Preparing level "world"
2025-06-13 09:20:04 [INFO] Preparing start region for level 0
2025-06-13 09:20:04 [INFO] Preparing start region for level 1
2025-06-13 09:20:04 [INFO] Done (552593835ns)! For help, type "help" or "?"
2025-06-13 09:20:17 [INFO] Louiszn [/127.0.0.1:39368] logged in with entity id 124 at (-3.544559602009061, 64.0, -17.218308647207238)
2025-06-13 09:21:02 [INFO] Starting minecraft server version Beta 1.7.3
2025-06-13 09:21:02 [INFO] Loading properties
2025-06-13 09:21:02 [INFO] Starting Minecraft server on *:25565
2025-06-13 09:21:02 [WARNING] **** SERVER IS RUNNING IN OFFLINE/INSECURE MODE!
2025-06-13 09:21:02 [WARNING] The server will make no attempt to authenticate usernames. Beware.
2025-06-13 09:21:02 [WARNING] While this makes the game possible to play without internet access, it also opens up the ability for hackers to connect with any username they choose.
2025-06-13 09:21:02 [WARNING] To change this, set "online-mode" to "true" in the server.settings file.
2025-06-13 09:21:02 [INFO] Preparing level "world"
2025-06-13 09:21:02 [INFO] Preparing start region for level 0
2025-06-13 09:21:02 [INFO] Preparing start region for level 1
2025-06-13 09:21:02 [INFO] Done (536764480ns)! For help, type "help" or "?"
2025-06-13 09:21:06 [INFO] Louiszn [/127.0.0.1:37510] logged in with entity id 122 at (-3.544559602009061, 64.0, -17.218308647207238)
2025-06-13 09:21:45 [INFO] Successfully disabled spawn protection
